<?xml version="1.0" encoding="UTF-8"?>
<!-- Generated by org.testng.reporters.JUnitReportReporter -->
<testsuite skipped="0" hostname="DESKTOP-A0E5A8F" name="TestScript.Facebook" tests="1" failures="0" timestamp="26 Sep 2019 18:37:40 GMT" time="5.828" errors="0">
  <testcase name="facebooklogin" time="5.828" classname="TestScript.Facebook"/>
</testsuite> <!-- TestScript.Facebook -->
