<?xml version="1.0" encoding="UTF-8"?>
<!-- Generated by org.testng.reporters.JUnitReportReporter -->
<testsuite skipped="0" hostname="DESKTOP-A0E5A8F" name="TestScript.Testcase01forxlsreading" tests="1" failures="0" timestamp="20 Sep 2019 19:06:40 GMT" time="0.744" errors="0">
  <testcase name="xls" time="0.744" classname="TestScript.Testcase01forxlsreading"/>
</testsuite> <!-- TestScript.Testcase01forxlsreading -->
