<?xml version="1.0" encoding="UTF-8"?>
<!-- Generated by org.testng.reporters.JUnitReportReporter -->
<testsuite skipped="0" hostname="DESKTOP-A0E5A8F" name="TestScript.Demoscroll" tests="1" failures="0" timestamp="07 Sep 2019 17:32:28 GMT" time="9.797" errors="0">
  <testcase name="Scrollbar" time="9.797" classname="TestScript.Demoscroll"/>
</testsuite> <!-- TestScript.Demoscroll -->
