<?xml version="1.0" encoding="UTF-8"?>
<!-- Generated by org.testng.reporters.JUnitReportReporter -->
<testsuite skipped="0" hostname="DESKTOP-A0E5A8F" name="TestScript.Espncricinfo" tests="1" failures="0" timestamp="18 Sep 2019 20:31:20 GMT" time="74.372" errors="0">
  <testcase name="Scores" time="74.372" classname="TestScript.Espncricinfo"/>
</testsuite> <!-- TestScript.Espncricinfo -->
