<?xml version="1.0" encoding="UTF-8"?>
<!-- Generated by org.testng.reporters.JUnitReportReporter -->
<testsuite skipped="0" hostname="DESKTOP-A0E5A8F" name="TestScript.Cheapmultipleradios" tests="1" failures="0" timestamp="07 Sep 2019 18:03:24 GMT" time="4.223" errors="0">
  <testcase name="radios" time="4.223" classname="TestScript.Cheapmultipleradios"/>
</testsuite> <!-- TestScript.Cheapmultipleradios -->
