<?xml version="1.0" encoding="UTF-8"?>
<!-- Generated by org.testng.reporters.JUnitReportReporter -->
<testsuite skipped="0" hostname="DESKTOP-A0E5A8F" name="TestScript.Spicejetmultiplebox" tests="1" failures="0" timestamp="08 Oct 2019 20:52:16 GMT" time="11.272" errors="0">
  <testcase name="multiplecheckbox" time="11.272" classname="TestScript.Spicejetmultiplebox"/>
</testsuite> <!-- TestScript.Spicejetmultiplebox -->
