<?xml version="1.0" encoding="UTF-8"?>
<!-- Generated by org.testng.reporters.JUnitReportReporter -->
<testsuite skipped="0" hostname="DESKTOP-A0E5A8F" name="TestScript.Gmail" tests="1" failures="0" timestamp="24 Sep 2019 18:13:06 GMT" time="4.726" errors="0">
  <testcase name="gmailtestcase" time="4.726" classname="TestScript.Gmail"/>
</testsuite> <!-- TestScript.Gmail -->
