<?xml version="1.0" encoding="UTF-8"?>
<!-- Generated by org.testng.reporters.JUnitReportReporter -->
<testsuite skipped="0" hostname="DESKTOP-A0E5A8F" name="TestScript.Uploadfiledemo" tests="1" failures="0" timestamp="05 Sep 2019 17:40:46 GMT" time="30.563" errors="0">
  <testcase name="uploadfile" time="30.563" classname="TestScript.Uploadfiledemo"/>
</testsuite> <!-- TestScript.Uploadfiledemo -->
