<?xml version="1.0" encoding="UTF-8"?>
<!-- Generated by org.testng.reporters.JUnitReportReporter -->
<testsuite skipped="0" hostname="DESKTOP-A0E5A8F" name="TestScript.Googlegmail" tests="1" failures="0" timestamp="24 Sep 2019 18:18:16 GMT" time="1.527" errors="0">
  <testcase name="scroll" time="1.527" classname="TestScript.Googlegmail"/>
</testsuite> <!-- TestScript.Googlegmail -->
