<?xml version="1.0" encoding="UTF-8"?>
<!-- Generated by org.testng.reporters.JUnitReportReporter -->
<testsuite skipped="0" hostname="DESKTOP-A0E5A8F" name="TestScript.ValueAttributeColor" tests="1" failures="0" timestamp="23 Sep 2019 18:57:17 GMT" time="7.719" errors="0">
  <testcase name="valueattribute" time="7.719" classname="TestScript.ValueAttributeColor"/>
</testsuite> <!-- TestScript.ValueAttributeColor -->
