<?xml version="1.0" encoding="UTF-8"?>
<!-- Generated by org.testng.reporters.JUnitReportReporter -->
<testsuite skipped="0" hostname="DESKTOP-A0E5A8F" name="TestScript.FirstScript" tests="1" failures="0" timestamp="23 Sep 2019 17:47:10 GMT" time="4.148" errors="0">
  <testcase name="testReport" time="4.148" classname="TestScript.FirstScript"/>
</testsuite> <!-- TestScript.FirstScript -->
