<?xml version="1.0" encoding="UTF-8"?>
<!-- Generated by org.testng.reporters.JUnitReportReporter -->
<testsuite skipped="0" hostname="DESKTOP-A0E5A8F" name="TestScript.Cheapflight" tests="1" failures="0" timestamp="16 Sep 2019 17:21:14 GMT" time="8.646" errors="0">
  <testcase name="Testcases" time="8.646" classname="TestScript.Cheapflight"/>
</testsuite> <!-- TestScript.Cheapflight -->
