<?xml version="1.0" encoding="UTF-8"?>
<!-- Generated by org.testng.reporters.JUnitReportReporter -->
<testsuite skipped="0" hostname="DESKTOP-A0E5A8F" name="TestScript.Listcheckbox" tests="1" failures="0" timestamp="05 Sep 2019 16:57:54 GMT" time="7.028" errors="0">
  <testcase name="ListTextbox" time="7.028" classname="TestScript.Listcheckbox"/>
</testsuite> <!-- TestScript.Listcheckbox -->
